<?xml version="1.0" encoding="UTF-8"?>
<!-- Generated by org.testng.reporters.JUnitXMLReporter -->
<testsuite hostname="Bhargavi" ignored="0" name="Command line test" tests="2" failures="1" timestamp="08 Aug 2018 06:04:24 GMT" time="0.095" errors="0">
  <testcase name="@BeforeClass initializeTestBaseSetup" time="0.0" classname="com.pack.base.TestBaseSetup">
    <failure type="org.testng.TestNGException" message="
Parameter &amp;apos;browserType&amp;apos; is required by BeforeClass on method initializeTestBaseSetup but has not been marked @Optional or defined
">
      <![CDATA[org.testng.TestNGException: 
Parameter 'browserType' is required by BeforeClass on method initializeTestBaseSetup but has not been marked @Optional or defined

... Removed 33 stack frames]]>
    </failure>
  </testcase> <!-- @BeforeClass initializeTestBaseSetup -->
  <testcase name="@BeforeClass setUp" time="0.0" classname="testpackage1.ProductSearchTest">
    <skipped/>
  </testcase> <!-- @BeforeClass setUp -->
  <testcase name="testLogin" time="0.016" classname="com.mycompany.app.AppTest"/>
  <testcase name="CheckOutProductTest" time="0.0" classname="testpackage1.ProductSearchTest">
    <failure type="org.testng.TestNGException" message="
Parameter &amp;apos;product&amp;apos; is required by @Test on method CheckOutProductTest but has not been marked @Optional or defined
">
      <![CDATA[org.testng.TestNGException: 
Parameter 'product' is required by @Test on method CheckOutProductTest but has not been marked @Optional or defined

... Removed 34 stack frames]]>
    </failure>
  </testcase> <!-- CheckOutProductTest -->
</testsuite> <!-- Command line test -->
